<?xml version="1.0" encoding="UTF-8"?>
<testsuite name="Test.Runner" time="1.056" tests="5" errors="4" skipped="0" failures="0">
  <properties>
[...]
</properties>
  <testcase name="[1:8] Send Get request by invalid(Numeric) as User Name" classname="[SimpleTest]" time="0.653"/>
  <testcase name="[2:15] Send Get request by valid(Manish Sir) as User Name" classname="[SimpleTest]" time="0.333">
    <error message="SimpleTest.feature:18 - path: , actual: &apos;&lt;html&gt;&#10;&lt;body&gt;&#10;&lt;h2&gt;500 Internal Server Error&lt;/h2&gt;&#10;&lt;/body&gt;&#10;&lt;/html&gt;&#10;&apos;, expected: &apos;&quot;hello Manish Sir&quot;&apos;, reason: not equal" type="com.intuit.karate.exception.KarateException"><![CDATA[com.intuit.karate.exception.KarateException: SimpleTest.feature:18 - path: , actual: '<html>
<body>
<h2>500 Internal Server Error</h2>
</body>
</html>
', expected: '"hello Manish Sir"', reason: not equal
	at ✽.Then match response == '"hello Manish Sir"' (SimpleTest.feature:18)
]]></error>
    <system-out><![CDATA[19:05:40.292 [main] WARN com.intuit.karate - skipping bootstrap configuration: could not find or read file: classpath:karate-config.js
19:05:40.298 [main] DEBUG org.apache.http.client.protocol.RequestAddCookies - CookieSpec selected: karate
19:05:40.299 [main] DEBUG org.apache.http.client.protocol.RequestAuthCache - Auth cache not set in the context
19:05:40.299 [main] DEBUG com.intuit.karate - request:
1 > GET http://localhost:4567/role/Manish%20Sir
1 > Accept-Encoding: gzip,deflate
1 > Connection: Keep-Alive
1 > Host: localhost:4567
1 > User-Agent: Apache-HttpClient/4.5.5 (Java/1.8.0_265)

19:05:40.300 [main] DEBUG org.apache.http.impl.conn.PoolingHttpClientConnectionManager - Connection request: [route: {}->http://localhost:4567][total kept alive: 0; route allocated: 0 of 5; total allocated: 0 of 10]
19:05:40.300 [main] DEBUG org.apache.http.impl.conn.PoolingHttpClientConnectionManager - Connection leased: [id: 1][route: {}->http://localhost:4567][total kept alive: 0; route allocated: 1 of 5; total allocated: 1 of 10]
19:05:40.300 [main] DEBUG org.apache.http.impl.execchain.MainClientExec - Opening connection {}->http://localhost:4567
19:05:40.300 [main] DEBUG org.apache.http.impl.conn.DefaultHttpClientConnectionOperator - Connecting to localhost/127.0.0.1:4567
19:05:40.300 [main] DEBUG org.apache.http.impl.conn.DefaultHttpClientConnectionOperator - Connection established 127.0.0.1:38286<->127.0.0.1:4567
19:05:40.300 [main] DEBUG org.apache.http.impl.conn.DefaultManagedHttpClientConnection - http-outgoing-1: set socket timeout to 30000
19:05:40.301 [main] DEBUG org.apache.http.impl.execchain.MainClientExec - Executing request GET /role/Manish%20Sir HTTP/1.1
19:05:40.301 [main] DEBUG org.apache.http.impl.execchain.MainClientExec - Target auth state: UNCHALLENGED
19:05:40.301 [main] DEBUG org.apache.http.impl.execchain.MainClientExec - Proxy auth state: UNCHALLENGED
19:05:40.302 [main] DEBUG org.apache.http.headers - http-outgoing-1 >> GET /role/Manish%20Sir HTTP/1.1
19:05:40.302 [main] DEBUG org.apache.http.headers - http-outgoing-1 >> Host: localhost:4567
19:05:40.302 [main] DEBUG org.apache.http.headers - http-outgoing-1 >> Connection: Keep-Alive
19:05:40.302 [main] DEBUG org.apache.http.headers - http-outgoing-1 >> User-Agent: Apache-HttpClient/4.5.5 (Java/1.8.0_265)
19:05:40.302 [main] DEBUG org.apache.http.headers - http-outgoing-1 >> Accept-Encoding: gzip,deflate
19:05:40.302 [main] DEBUG org.apache.http.wire - http-outgoing-1 >> "GET /role/Manish%20Sir HTTP/1.1[\r][\n]"
19:05:40.302 [main] DEBUG org.apache.http.wire - http-outgoing-1 >> "Host: localhost:4567[\r][\n]"
19:05:40.302 [main] DEBUG org.apache.http.wire - http-outgoing-1 >> "Connection: Keep-Alive[\r][\n]"
19:05:40.302 [main] DEBUG org.apache.http.wire - http-outgoing-1 >> "User-Agent: Apache-HttpClient/4.5.5 (Java/1.8.0_265)[\r][\n]"
19:05:40.302 [main] DEBUG org.apache.http.wire - http-outgoing-1 >> "Accept-Encoding: gzip,deflate[\r][\n]"
19:05:40.302 [main] DEBUG org.apache.http.wire - http-outgoing-1 >> "[\r][\n]"
19:05:40.304 [main] DEBUG org.apache.http.wire - http-outgoing-1 << "HTTP/1.1 500 Server Error[\r][\n]"
19:05:40.304 [main] DEBUG org.apache.http.wire - http-outgoing-1 << "Date: Thu, 20 Aug 2020 13:20:40 GMT[\r][\n]"
19:05:40.304 [main] DEBUG org.apache.http.wire - http-outgoing-1 << "Content-Type: text/html;charset=utf-8[\r][\n]"
19:05:40.304 [main] DEBUG org.apache.http.wire - http-outgoing-1 << "Transfer-Encoding: chunked[\r][\n]"
19:05:40.305 [main] DEBUG org.apache.http.wire - http-outgoing-1 << "Server: Jetty(9.4.z-SNAPSHOT)[\r][\n]"
19:05:40.305 [main] DEBUG org.apache.http.wire - http-outgoing-1 << "[\r][\n]"
19:05:40.305 [main] DEBUG org.apache.http.wire - http-outgoing-1 << "3C[\r][\n]"
19:05:40.305 [main] DEBUG org.apache.http.wire - http-outgoing-1 << "<html><body><h2>500 Internal Server Error</h2></body></html>"
19:05:40.305 [main] DEBUG org.apache.http.headers - http-outgoing-1 << HTTP/1.1 500 Server Error
19:05:40.305 [main] DEBUG org.apache.http.headers - http-outgoing-1 << Date: Thu, 20 Aug 2020 13:20:40 GMT
19:05:40.305 [main] DEBUG org.apache.http.headers - http-outgoing-1 << Content-Type: text/html;charset=utf-8
19:05:40.305 [main] DEBUG org.apache.http.headers - http-outgoing-1 << Transfer-Encoding: chunked
19:05:40.305 [main] DEBUG org.apache.http.headers - http-outgoing-1 << Server: Jetty(9.4.z-SNAPSHOT)
19:05:40.305 [main] DEBUG org.apache.http.impl.execchain.MainClientExec - Connection can be kept alive indefinitely
19:05:40.306 [main] DEBUG org.apache.http.wire - http-outgoing-1 << "[\r][\n]"
19:05:40.306 [main] DEBUG org.apache.http.wire - http-outgoing-1 << "0[\r][\n]"
19:05:40.306 [main] DEBUG org.apache.http.wire - http-outgoing-1 << "[\r][\n]"
19:05:40.306 [main] DEBUG org.apache.http.impl.conn.PoolingHttpClientConnectionManager - Connection [id: 1][route: {}->http://localhost:4567] can be kept alive indefinitely
19:05:40.306 [main] DEBUG org.apache.http.impl.conn.DefaultManagedHttpClientConnection - http-outgoing-1: set socket timeout to 0
19:05:40.306 [main] DEBUG org.apache.http.impl.conn.PoolingHttpClientConnectionManager - Connection released: [id: 1][route: {}->http://localhost:4567][total kept alive: 1; route allocated: 1 of 5; total allocated: 1 of 10]
19:05:40.306 [main] DEBUG com.intuit.karate - response time in milliseconds: 6.02
1 < 500
1 < Content-Type: text/html;charset=utf-8
1 < Date: Thu, 20 Aug 2020 13:20:40 GMT
1 < Server: Jetty(9.4.z-SNAPSHOT)
1 < Transfer-Encoding: chunked
<html><body><h2>500 Internal Server Error</h2></body></html>

19:05:40.570 [Finalizer] DEBUG org.apache.http.impl.conn.PoolingHttpClientConnectionManager - Connection manager is shutting down
19:05:40.570 [Finalizer] DEBUG org.apache.http.impl.conn.DefaultManagedHttpClientConnection - http-outgoing-1: Close connection
19:05:40.571 [Finalizer] DEBUG org.apache.http.impl.conn.PoolingHttpClientConnectionManager - Connection manager shut down
19:05:40.571 [Finalizer] DEBUG org.apache.http.impl.conn.PoolingHttpClientConnectionManager - Connection manager is shutting down
19:05:40.571 [Finalizer] DEBUG org.apache.http.impl.conn.DefaultManagedHttpClientConnection - http-outgoing-0: Close connection
19:05:40.571 [Finalizer] DEBUG org.apache.http.impl.conn.PoolingHttpClientConnectionManager - Connection manager shut down
19:05:40.623 [main] ERROR com.intuit.karate - assertion failed: path: , actual: '<html>
<body>
<h2>500 Internal Server Error</h2>
</body>
</html>
', expected: '"hello Manish Sir"', reason: not equal
]]></system-out>
  </testcase>
  <testcase name="[3:21] Send Get request by valid(Parbati) as User Name" classname="[SimpleTest]" time="0.019">
    <error message="SimpleTest.feature:24 - path: , actual: &apos;&lt;html&gt;&#10;&lt;body&gt;&#10;&lt;h2&gt;500 Internal Server Error&lt;/h2&gt;&#10;&lt;/body&gt;&#10;&lt;/html&gt;&#10;&apos;, expected: &apos;&quot;hello Parbati ji&quot;&apos;, reason: not equal" type="com.intuit.karate.exception.KarateException"><![CDATA[com.intuit.karate.exception.KarateException: SimpleTest.feature:24 - path: , actual: '<html>
<body>
<h2>500 Internal Server Error</h2>
</body>
</html>
', expected: '"hello Parbati ji"', reason: not equal
	at ✽.Then match response == '"hello Parbati ji"' (SimpleTest.feature:24)
]]></error>
    <system-out><![CDATA[19:05:40.639 [main] WARN com.intuit.karate - skipping bootstrap configuration: could not find or read file: classpath:karate-config.js
19:05:40.646 [main] DEBUG org.apache.http.client.protocol.RequestAddCookies - CookieSpec selected: karate
19:05:40.646 [main] DEBUG org.apache.http.client.protocol.RequestAuthCache - Auth cache not set in the context
19:05:40.646 [main] DEBUG com.intuit.karate - request:
1 > GET http://localhost:4567/role/Parbati%20ji
1 > Accept-Encoding: gzip,deflate
1 > Connection: Keep-Alive
1 > Host: localhost:4567
1 > User-Agent: Apache-HttpClient/4.5.5 (Java/1.8.0_265)

19:05:40.647 [main] DEBUG org.apache.http.impl.conn.PoolingHttpClientConnectionManager - Connection request: [route: {}->http://localhost:4567][total kept alive: 0; route allocated: 0 of 5; total allocated: 0 of 10]
19:05:40.647 [main] DEBUG org.apache.http.impl.conn.PoolingHttpClientConnectionManager - Connection leased: [id: 2][route: {}->http://localhost:4567][total kept alive: 0; route allocated: 1 of 5; total allocated: 1 of 10]
19:05:40.647 [main] DEBUG org.apache.http.impl.execchain.MainClientExec - Opening connection {}->http://localhost:4567
19:05:40.647 [main] DEBUG org.apache.http.impl.conn.DefaultHttpClientConnectionOperator - Connecting to localhost/127.0.0.1:4567
19:05:40.647 [main] DEBUG org.apache.http.impl.conn.DefaultHttpClientConnectionOperator - Connection established 127.0.0.1:38288<->127.0.0.1:4567
19:05:40.647 [main] DEBUG org.apache.http.impl.conn.DefaultManagedHttpClientConnection - http-outgoing-2: set socket timeout to 30000
19:05:40.647 [main] DEBUG org.apache.http.impl.execchain.MainClientExec - Executing request GET /role/Parbati%20ji HTTP/1.1
19:05:40.647 [main] DEBUG org.apache.http.impl.execchain.MainClientExec - Target auth state: UNCHALLENGED
19:05:40.647 [main] DEBUG org.apache.http.impl.execchain.MainClientExec - Proxy auth state: UNCHALLENGED
19:05:40.648 [main] DEBUG org.apache.http.headers - http-outgoing-2 >> GET /role/Parbati%20ji HTTP/1.1
19:05:40.648 [main] DEBUG org.apache.http.headers - http-outgoing-2 >> Host: localhost:4567
19:05:40.648 [main] DEBUG org.apache.http.headers - http-outgoing-2 >> Connection: Keep-Alive
19:05:40.648 [main] DEBUG org.apache.http.headers - http-outgoing-2 >> User-Agent: Apache-HttpClient/4.5.5 (Java/1.8.0_265)
19:05:40.648 [main] DEBUG org.apache.http.headers - http-outgoing-2 >> Accept-Encoding: gzip,deflate
19:05:40.648 [main] DEBUG org.apache.http.wire - http-outgoing-2 >> "GET /role/Parbati%20ji HTTP/1.1[\r][\n]"
19:05:40.648 [main] DEBUG org.apache.http.wire - http-outgoing-2 >> "Host: localhost:4567[\r][\n]"
19:05:40.648 [main] DEBUG org.apache.http.wire - http-outgoing-2 >> "Connection: Keep-Alive[\r][\n]"
19:05:40.648 [main] DEBUG org.apache.http.wire - http-outgoing-2 >> "User-Agent: Apache-HttpClient/4.5.5 (Java/1.8.0_265)[\r][\n]"
19:05:40.648 [main] DEBUG org.apache.http.wire - http-outgoing-2 >> "Accept-Encoding: gzip,deflate[\r][\n]"
19:05:40.648 [main] DEBUG org.apache.http.wire - http-outgoing-2 >> "[\r][\n]"
19:05:40.651 [main] DEBUG org.apache.http.wire - http-outgoing-2 << "HTTP/1.1 500 Server Error[\r][\n]"
19:05:40.651 [main] DEBUG org.apache.http.wire - http-outgoing-2 << "Date: Thu, 20 Aug 2020 13:20:40 GMT[\r][\n]"
19:05:40.651 [main] DEBUG org.apache.http.wire - http-outgoing-2 << "Content-Type: text/html;charset=utf-8[\r][\n]"
19:05:40.651 [main] DEBUG org.apache.http.wire - http-outgoing-2 << "Transfer-Encoding: chunked[\r][\n]"
19:05:40.651 [main] DEBUG org.apache.http.wire - http-outgoing-2 << "Server: Jetty(9.4.z-SNAPSHOT)[\r][\n]"
19:05:40.651 [main] DEBUG org.apache.http.wire - http-outgoing-2 << "[\r][\n]"
19:05:40.652 [main] DEBUG org.apache.http.wire - http-outgoing-2 << "3C[\r][\n]"
19:05:40.652 [main] DEBUG org.apache.http.wire - http-outgoing-2 << "<html><body><h2>500 Internal Server Error</h2></body></html>"
19:05:40.652 [main] DEBUG org.apache.http.headers - http-outgoing-2 << HTTP/1.1 500 Server Error
19:05:40.652 [main] DEBUG org.apache.http.headers - http-outgoing-2 << Date: Thu, 20 Aug 2020 13:20:40 GMT
19:05:40.652 [main] DEBUG org.apache.http.headers - http-outgoing-2 << Content-Type: text/html;charset=utf-8
19:05:40.653 [main] DEBUG org.apache.http.headers - http-outgoing-2 << Transfer-Encoding: chunked
19:05:40.653 [main] DEBUG org.apache.http.headers - http-outgoing-2 << Server: Jetty(9.4.z-SNAPSHOT)
19:05:40.653 [main] DEBUG org.apache.http.impl.execchain.MainClientExec - Connection can be kept alive indefinitely
19:05:40.653 [main] DEBUG org.apache.http.wire - http-outgoing-2 << "[\r][\n]"
19:05:40.653 [main] DEBUG org.apache.http.wire - http-outgoing-2 << "0[\r][\n]"
19:05:40.654 [main] DEBUG org.apache.http.wire - http-outgoing-2 << "[\r][\n]"
19:05:40.654 [main] DEBUG org.apache.http.impl.conn.PoolingHttpClientConnectionManager - Connection [id: 2][route: {}->http://localhost:4567] can be kept alive indefinitely
19:05:40.654 [main] DEBUG org.apache.http.impl.conn.DefaultManagedHttpClientConnection - http-outgoing-2: set socket timeout to 0
19:05:40.654 [main] DEBUG org.apache.http.impl.conn.PoolingHttpClientConnectionManager - Connection released: [id: 2][route: {}->http://localhost:4567][total kept alive: 1; route allocated: 1 of 5; total allocated: 1 of 10]
19:05:40.655 [main] DEBUG com.intuit.karate - response time in milliseconds: 6.52
1 < 500
1 < Content-Type: text/html;charset=utf-8
1 < Date: Thu, 20 Aug 2020 13:20:40 GMT
1 < Server: Jetty(9.4.z-SNAPSHOT)
1 < Transfer-Encoding: chunked
<html><body><h2>500 Internal Server Error</h2></body></html>

19:05:40.662 [main] ERROR com.intuit.karate - assertion failed: path: , actual: '<html>
<body>
<h2>500 Internal Server Error</h2>
</body>
</html>
', expected: '"hello Parbati ji"', reason: not equal
]]></system-out>
  </testcase>
  <testcase name="[4:27] Send Get request by valid(Sanjeev) as User Name" classname="[SimpleTest]" time="0.026">
    <error message="SimpleTest.feature:30 - path: , actual: &apos;&lt;html&gt;&#10;&lt;body&gt;&#10;&lt;h2&gt;500 Internal Server Error&lt;/h2&gt;&#10;&lt;/body&gt;&#10;&lt;/html&gt;&#10;&apos;, expected: &apos;&quot;hello Sanjeev&quot;&apos;, reason: not equal" type="com.intuit.karate.exception.KarateException"><![CDATA[com.intuit.karate.exception.KarateException: SimpleTest.feature:30 - path: , actual: '<html>
<body>
<h2>500 Internal Server Error</h2>
</body>
</html>
', expected: '"hello Sanjeev"', reason: not equal
	at ✽.Then match response == '"hello Sanjeev"' (SimpleTest.feature:30)
]]></error>
    <system-out><![CDATA[19:05:40.676 [main] WARN com.intuit.karate - skipping bootstrap configuration: could not find or read file: classpath:karate-config.js
19:05:40.682 [main] DEBUG org.apache.http.client.protocol.RequestAddCookies - CookieSpec selected: karate
19:05:40.682 [main] DEBUG org.apache.http.client.protocol.RequestAuthCache - Auth cache not set in the context
19:05:40.682 [main] DEBUG com.intuit.karate - request:
1 > GET http://localhost:4567/role/Sanjeev
1 > Accept-Encoding: gzip,deflate
1 > Connection: Keep-Alive
1 > Host: localhost:4567
1 > User-Agent: Apache-HttpClient/4.5.5 (Java/1.8.0_265)

19:05:40.684 [main] DEBUG org.apache.http.impl.conn.PoolingHttpClientConnectionManager - Connection request: [route: {}->http://localhost:4567][total kept alive: 0; route allocated: 0 of 5; total allocated: 0 of 10]
19:05:40.684 [main] DEBUG org.apache.http.impl.conn.PoolingHttpClientConnectionManager - Connection leased: [id: 3][route: {}->http://localhost:4567][total kept alive: 0; route allocated: 1 of 5; total allocated: 1 of 10]
19:05:40.684 [main] DEBUG org.apache.http.impl.execchain.MainClientExec - Opening connection {}->http://localhost:4567
19:05:40.684 [main] DEBUG org.apache.http.impl.conn.DefaultHttpClientConnectionOperator - Connecting to localhost/127.0.0.1:4567
19:05:40.685 [main] DEBUG org.apache.http.impl.conn.DefaultHttpClientConnectionOperator - Connection established 127.0.0.1:38290<->127.0.0.1:4567
19:05:40.685 [main] DEBUG org.apache.http.impl.conn.DefaultManagedHttpClientConnection - http-outgoing-3: set socket timeout to 30000
19:05:40.685 [main] DEBUG org.apache.http.impl.execchain.MainClientExec - Executing request GET /role/Sanjeev HTTP/1.1
19:05:40.685 [main] DEBUG org.apache.http.impl.execchain.MainClientExec - Target auth state: UNCHALLENGED
19:05:40.685 [main] DEBUG org.apache.http.impl.execchain.MainClientExec - Proxy auth state: UNCHALLENGED
19:05:40.685 [main] DEBUG org.apache.http.headers - http-outgoing-3 >> GET /role/Sanjeev HTTP/1.1
19:05:40.685 [main] DEBUG org.apache.http.headers - http-outgoing-3 >> Host: localhost:4567
19:05:40.685 [main] DEBUG org.apache.http.headers - http-outgoing-3 >> Connection: Keep-Alive
19:05:40.685 [main] DEBUG org.apache.http.headers - http-outgoing-3 >> User-Agent: Apache-HttpClient/4.5.5 (Java/1.8.0_265)
19:05:40.685 [main] DEBUG org.apache.http.headers - http-outgoing-3 >> Accept-Encoding: gzip,deflate
19:05:40.685 [main] DEBUG org.apache.http.wire - http-outgoing-3 >> "GET /role/Sanjeev HTTP/1.1[\r][\n]"
19:05:40.685 [main] DEBUG org.apache.http.wire - http-outgoing-3 >> "Host: localhost:4567[\r][\n]"
19:05:40.685 [main] DEBUG org.apache.http.wire - http-outgoing-3 >> "Connection: Keep-Alive[\r][\n]"
19:05:40.685 [main] DEBUG org.apache.http.wire - http-outgoing-3 >> "User-Agent: Apache-HttpClient/4.5.5 (Java/1.8.0_265)[\r][\n]"
19:05:40.685 [main] DEBUG org.apache.http.wire - http-outgoing-3 >> "Accept-Encoding: gzip,deflate[\r][\n]"
19:05:40.685 [main] DEBUG org.apache.http.wire - http-outgoing-3 >> "[\r][\n]"
19:05:40.687 [main] DEBUG org.apache.http.wire - http-outgoing-3 << "HTTP/1.1 500 Server Error[\r][\n]"
19:05:40.688 [main] DEBUG org.apache.http.wire - http-outgoing-3 << "Date: Thu, 20 Aug 2020 13:20:40 GMT[\r][\n]"
19:05:40.688 [main] DEBUG org.apache.http.wire - http-outgoing-3 << "Content-Type: text/html;charset=utf-8[\r][\n]"
19:05:40.688 [main] DEBUG org.apache.http.wire - http-outgoing-3 << "Transfer-Encoding: chunked[\r][\n]"
19:05:40.688 [main] DEBUG org.apache.http.wire - http-outgoing-3 << "Server: Jetty(9.4.z-SNAPSHOT)[\r][\n]"
19:05:40.688 [main] DEBUG org.apache.http.wire - http-outgoing-3 << "[\r][\n]"
19:05:40.689 [main] DEBUG org.apache.http.wire - http-outgoing-3 << "3C[\r][\n]"
19:05:40.689 [main] DEBUG org.apache.http.wire - http-outgoing-3 << "<html><body><h2>500 Internal Server Error</h2></body></html>[\r][\n]"
19:05:40.689 [main] DEBUG org.apache.http.wire - http-outgoing-3 << "0[\r][\n]"
19:05:40.689 [main] DEBUG org.apache.http.wire - http-outgoing-3 << "[\r][\n]"
19:05:40.690 [main] DEBUG org.apache.http.headers - http-outgoing-3 << HTTP/1.1 500 Server Error
19:05:40.690 [main] DEBUG org.apache.http.headers - http-outgoing-3 << Date: Thu, 20 Aug 2020 13:20:40 GMT
19:05:40.690 [main] DEBUG org.apache.http.headers - http-outgoing-3 << Content-Type: text/html;charset=utf-8
19:05:40.690 [main] DEBUG org.apache.http.headers - http-outgoing-3 << Transfer-Encoding: chunked
19:05:40.690 [main] DEBUG org.apache.http.headers - http-outgoing-3 << Server: Jetty(9.4.z-SNAPSHOT)
19:05:40.690 [main] DEBUG org.apache.http.impl.execchain.MainClientExec - Connection can be kept alive indefinitely
19:05:40.691 [main] DEBUG org.apache.http.impl.conn.PoolingHttpClientConnectionManager - Connection [id: 3][route: {}->http://localhost:4567] can be kept alive indefinitely
19:05:40.691 [main] DEBUG org.apache.http.impl.conn.DefaultManagedHttpClientConnection - http-outgoing-3: set socket timeout to 0
19:05:40.691 [main] DEBUG org.apache.http.impl.conn.PoolingHttpClientConnectionManager - Connection released: [id: 3][route: {}->http://localhost:4567][total kept alive: 1; route allocated: 1 of 5; total allocated: 1 of 10]
19:05:40.691 [main] DEBUG com.intuit.karate - response time in milliseconds: 6.84
1 < 500
1 < Content-Type: text/html;charset=utf-8
1 < Date: Thu, 20 Aug 2020 13:20:40 GMT
1 < Server: Jetty(9.4.z-SNAPSHOT)
1 < Transfer-Encoding: chunked
<html><body><h2>500 Internal Server Error</h2></body></html>

19:05:40.703 [main] ERROR com.intuit.karate - assertion failed: path: , actual: '<html>
<body>
<h2>500 Internal Server Error</h2>
</body>
</html>
', expected: '"hello Sanjeev"', reason: not equal
]]></system-out>
  </testcase>
  <testcase name="[5:34] Send Get request by valid(Sushan) as User Name" classname="[SimpleTest]" time="0.025">
    <error message="SimpleTest.feature:37 - path: , actual: &apos;&lt;html&gt;&#10;&lt;body&gt;&#10;&lt;h2&gt;500 Internal Server Error&lt;/h2&gt;&#10;&lt;/body&gt;&#10;&lt;/html&gt;&#10;&apos;, expected: &apos;&quot;hello Sushan Dai&quot;&apos;, reason: not equal" type="com.intuit.karate.exception.KarateException"><![CDATA[com.intuit.karate.exception.KarateException: SimpleTest.feature:37 - path: , actual: '<html>
<body>
<h2>500 Internal Server Error</h2>
</body>
</html>
', expected: '"hello Sushan Dai"', reason: not equal
	at ✽.Then match response == '"hello Sushan Dai"' (SimpleTest.feature:37)
]]></error>
    <system-out><![CDATA[19:05:40.716 [main] WARN com.intuit.karate - skipping bootstrap configuration: could not find or read file: classpath:karate-config.js
19:05:40.723 [main] DEBUG org.apache.http.client.protocol.RequestAddCookies - CookieSpec selected: karate
19:05:40.723 [main] DEBUG org.apache.http.client.protocol.RequestAuthCache - Auth cache not set in the context
19:05:40.723 [main] DEBUG com.intuit.karate - request:
1 > GET http://localhost:4567/role/Sushan%20Dai
1 > Accept-Encoding: gzip,deflate
1 > Connection: Keep-Alive
1 > Host: localhost:4567
1 > User-Agent: Apache-HttpClient/4.5.5 (Java/1.8.0_265)

19:05:40.725 [main] DEBUG org.apache.http.impl.conn.PoolingHttpClientConnectionManager - Connection request: [route: {}->http://localhost:4567][total kept alive: 0; route allocated: 0 of 5; total allocated: 0 of 10]
19:05:40.725 [main] DEBUG org.apache.http.impl.conn.PoolingHttpClientConnectionManager - Connection leased: [id: 4][route: {}->http://localhost:4567][total kept alive: 0; route allocated: 1 of 5; total allocated: 1 of 10]
19:05:40.725 [main] DEBUG org.apache.http.impl.execchain.MainClientExec - Opening connection {}->http://localhost:4567
19:05:40.725 [main] DEBUG org.apache.http.impl.conn.DefaultHttpClientConnectionOperator - Connecting to localhost/127.0.0.1:4567
19:05:40.725 [main] DEBUG org.apache.http.impl.conn.DefaultHttpClientConnectionOperator - Connection established 127.0.0.1:38292<->127.0.0.1:4567
19:05:40.725 [main] DEBUG org.apache.http.impl.conn.DefaultManagedHttpClientConnection - http-outgoing-4: set socket timeout to 30000
19:05:40.725 [main] DEBUG org.apache.http.impl.execchain.MainClientExec - Executing request GET /role/Sushan%20Dai HTTP/1.1
19:05:40.725 [main] DEBUG org.apache.http.impl.execchain.MainClientExec - Target auth state: UNCHALLENGED
19:05:40.725 [main] DEBUG org.apache.http.impl.execchain.MainClientExec - Proxy auth state: UNCHALLENGED
19:05:40.726 [main] DEBUG org.apache.http.headers - http-outgoing-4 >> GET /role/Sushan%20Dai HTTP/1.1
19:05:40.726 [main] DEBUG org.apache.http.headers - http-outgoing-4 >> Host: localhost:4567
19:05:40.726 [main] DEBUG org.apache.http.headers - http-outgoing-4 >> Connection: Keep-Alive
19:05:40.726 [main] DEBUG org.apache.http.headers - http-outgoing-4 >> User-Agent: Apache-HttpClient/4.5.5 (Java/1.8.0_265)
19:05:40.726 [main] DEBUG org.apache.http.headers - http-outgoing-4 >> Accept-Encoding: gzip,deflate
19:05:40.726 [main] DEBUG org.apache.http.wire - http-outgoing-4 >> "GET /role/Sushan%20Dai HTTP/1.1[\r][\n]"
19:05:40.726 [main] DEBUG org.apache.http.wire - http-outgoing-4 >> "Host: localhost:4567[\r][\n]"
19:05:40.726 [main] DEBUG org.apache.http.wire - http-outgoing-4 >> "Connection: Keep-Alive[\r][\n]"
19:05:40.726 [main] DEBUG org.apache.http.wire - http-outgoing-4 >> "User-Agent: Apache-HttpClient/4.5.5 (Java/1.8.0_265)[\r][\n]"
19:05:40.726 [main] DEBUG org.apache.http.wire - http-outgoing-4 >> "Accept-Encoding: gzip,deflate[\r][\n]"
19:05:40.726 [main] DEBUG org.apache.http.wire - http-outgoing-4 >> "[\r][\n]"
19:05:40.730 [main] DEBUG org.apache.http.wire - http-outgoing-4 << "HTTP/1.1 500 Server Error[\r][\n]"
19:05:40.730 [main] DEBUG org.apache.http.wire - http-outgoing-4 << "Date: Thu, 20 Aug 2020 13:20:40 GMT[\r][\n]"
19:05:40.731 [main] DEBUG org.apache.http.wire - http-outgoing-4 << "Content-Type: text/html;charset=utf-8[\r][\n]"
19:05:40.731 [main] DEBUG org.apache.http.wire - http-outgoing-4 << "Transfer-Encoding: chunked[\r][\n]"
19:05:40.731 [main] DEBUG org.apache.http.wire - http-outgoing-4 << "Server: Jetty(9.4.z-SNAPSHOT)[\r][\n]"
19:05:40.731 [main] DEBUG org.apache.http.wire - http-outgoing-4 << "[\r][\n]"
19:05:40.732 [main] DEBUG org.apache.http.wire - http-outgoing-4 << "3C[\r][\n]"
19:05:40.732 [main] DEBUG org.apache.http.wire - http-outgoing-4 << "<html><body><h2>500 Internal Server Error</h2></body></html>"
19:05:40.732 [main] DEBUG org.apache.http.headers - http-outgoing-4 << HTTP/1.1 500 Server Error
19:05:40.732 [main] DEBUG org.apache.http.headers - http-outgoing-4 << Date: Thu, 20 Aug 2020 13:20:40 GMT
19:05:40.732 [main] DEBUG org.apache.http.headers - http-outgoing-4 << Content-Type: text/html;charset=utf-8
19:05:40.732 [main] DEBUG org.apache.http.headers - http-outgoing-4 << Transfer-Encoding: chunked
19:05:40.732 [main] DEBUG org.apache.http.headers - http-outgoing-4 << Server: Jetty(9.4.z-SNAPSHOT)
19:05:40.733 [main] DEBUG org.apache.http.impl.execchain.MainClientExec - Connection can be kept alive indefinitely
19:05:40.733 [main] DEBUG org.apache.http.wire - http-outgoing-4 << "[\r][\n]"
19:05:40.733 [main] DEBUG org.apache.http.wire - http-outgoing-4 << "0[\r][\n]"
19:05:40.733 [main] DEBUG org.apache.http.wire - http-outgoing-4 << "[\r][\n]"
19:05:40.733 [main] DEBUG org.apache.http.impl.conn.PoolingHttpClientConnectionManager - Connection [id: 4][route: {}->http://localhost:4567] can be kept alive indefinitely
19:05:40.733 [main] DEBUG org.apache.http.impl.conn.DefaultManagedHttpClientConnection - http-outgoing-4: set socket timeout to 0
19:05:40.733 [main] DEBUG org.apache.http.impl.conn.PoolingHttpClientConnectionManager - Connection released: [id: 4][route: {}->http://localhost:4567][total kept alive: 1; route allocated: 1 of 5; total allocated: 1 of 10]
19:05:40.733 [main] DEBUG com.intuit.karate - response time in milliseconds: 8.06
1 < 500
1 < Content-Type: text/html;charset=utf-8
1 < Date: Thu, 20 Aug 2020 13:20:40 GMT
1 < Server: Jetty(9.4.z-SNAPSHOT)
1 < Transfer-Encoding: chunked
<html><body><h2>500 Internal Server Error</h2></body></html>

19:05:40.741 [main] ERROR com.intuit.karate - assertion failed: path: , actual: '<html>
<body>
<h2>500 Internal Server Error</h2>
</body>
</html>
', expected: '"hello Sushan Dai"', reason: not equal
]]></system-out>
  </testcase>
</testsuite>